Using pre-set license
Built from '2021.1/staging' branch; Version is '2021.1.12f1 (afcadd793de6) revision 11520733'; Using compiler version '192528614'; Build Type 'Release'
OS: 'Windows 10 Home; OS build 19043.1165; Version 2009; 64bit' Language: 'en' Physical Memory: 12049 MB
BatchMode: 1, IsHumanControllingUs: 0, StartBugReporterOnCrash: 0, Is64bit: 1, IsPro: 0

 COMMAND LINE ARGUMENTS:
D:\Unity\Hub\Editor\2021.1.12f1\Editor\Unity.exe
-adb2
-batchMode
-noUpm
-name
AssetImportWorker0
-projectPath
D:/Documents/La Salle/5th Year/Term 3/THS-CS2/Git/anamorph-ths-cs2
-logFile
Logs/AssetImportWorker0.log
-srvPort
52597
Successfully changed project path to: D:/Documents/La Salle/5th Year/Term 3/THS-CS2/Git/anamorph-ths-cs2
D:/Documents/La Salle/5th Year/Term 3/THS-CS2/Git/anamorph-ths-cs2
Using Asset Import Pipeline V2.
Refreshing native plugins compatible for Editor in 35.34 ms, found 2 plugins.
Preloading 0 native plugins for Editor in 0.00 ms.
Initialize engine version: 2021.1.12f1 (afcadd793de6)
[Subsystems] Discovering subsystems at path D:/Unity/Hub/Editor/2021.1.12f1/Editor/Data/Resources/UnitySubsystems
[Subsystems] Discovering subsystems at path D:/Documents/La Salle/5th Year/Term 3/THS-CS2/Git/anamorph-ths-cs2/Assets
GfxDevice: creating device client; threaded=0; jobified=0
Direct3D:
    Version:  Direct3D 11.0 [level 11.0]
    Renderer: NVIDIA GeForce GTX 950M (ID=0x139a)
    Vendor:   NVIDIA
    VRAM:     4064 MB
    Driver:   21.21.13.7654
Initialize mono
Mono path[0] = 'D:/Unity/Hub/Editor/2021.1.12f1/Editor/Data/Managed'
Mono path[1] = 'D:/Unity/Hub/Editor/2021.1.12f1/Editor/Data/MonoBleedingEdge/lib/mono/unityjit'
Mono config path = 'D:/Unity/Hub/Editor/2021.1.12f1/Editor/Data/MonoBleedingEdge/etc'
Using monoOptions --debugger-agent=transport=dt_socket,embedding=1,server=y,suspend=n,address=127.0.0.1:56808
Begin MonoManager ReloadAssembly
Registering precompiled unity dll's ...
Register platform support module: D:/Unity/Hub/Editor/2021.1.12f1/Editor/Data/PlaybackEngines/WindowsStandaloneSupport/UnityEditor.WindowsStandalone.Extensions.dll
Registered in 0.001451 seconds.
Native extension for WindowsStandalone target not found
Refreshing native plugins compatible for Editor in 34.98 ms, found 2 plugins.
Preloading 0 native plugins for Editor in 0.00 ms.
Mono: successfully reloaded assembly
- Completed reload, in  1.336 seconds
Domain Reload Profiling:
	ReloadAssembly (1337ms)
		BeginReloadAssembly (75ms)
			ExecutionOrderSort (0ms)
			DisableScriptedObjects (0ms)
			BackupInstance (0ms)
			ReleaseScriptingObjects (0ms)
			CreateAndSetChildDomain (1ms)
		EndReloadAssembly (509ms)
			LoadAssemblies (74ms)
			RebuildTransferFunctionScriptingTraits (0ms)
			SetupTypeCache (220ms)
			ReleaseScriptCaches (0ms)
			RebuildScriptCaches (39ms)
			SetupLoadedEditorAssemblies (197ms)
				LogAssemblyErrors (0ms)
				InitializePlatformSupportModulesInManaged (7ms)
				SetLoadedEditorAssemblies (0ms)
				RefreshPlugins (35ms)
				BeforeProcessingInitializeOnLoad (1ms)
				ProcessInitializeOnLoadAttributes (115ms)
				ProcessInitializeOnLoadMethodAttributes (37ms)
				AfterProcessingInitializeOnLoad (0ms)
				EditorAssembliesLoaded (0ms)
			ExecutionOrderSort2 (0ms)
			AwakeInstancesAfterBackupRestoration (0ms)
Platform modules already initialized, skipping
Registering precompiled user dll's ...
Registered in 0.005958 seconds.
Begin MonoManager ReloadAssembly
Native extension for WindowsStandalone target not found
Refreshing native plugins compatible for Editor in 0.38 ms, found 2 plugins.
Preloading 0 native plugins for Editor in 0.00 ms.
Mono: successfully reloaded assembly
- Completed reload, in  1.923 seconds
Domain Reload Profiling:
	ReloadAssembly (1924ms)
		BeginReloadAssembly (183ms)
			ExecutionOrderSort (0ms)
			DisableScriptedObjects (5ms)
			BackupInstance (0ms)
			ReleaseScriptingObjects (0ms)
			CreateAndSetChildDomain (23ms)
		EndReloadAssembly (1672ms)
			LoadAssemblies (103ms)
			RebuildTransferFunctionScriptingTraits (0ms)
			SetupTypeCache (350ms)
			ReleaseScriptCaches (0ms)
			RebuildScriptCaches (46ms)
			SetupLoadedEditorAssemblies (1068ms)
				LogAssemblyErrors (0ms)
				InitializePlatformSupportModulesInManaged (705ms)
				SetLoadedEditorAssemblies (1ms)
				RefreshPlugins (0ms)
				BeforeProcessingInitializeOnLoad (56ms)
				ProcessInitializeOnLoadAttributes (296ms)
				ProcessInitializeOnLoadMethodAttributes (6ms)
				AfterProcessingInitializeOnLoad (4ms)
				EditorAssembliesLoaded (0ms)
			ExecutionOrderSort2 (0ms)
			AwakeInstancesAfterBackupRestoration (8ms)
Platform modules already initialized, skipping
========================================================================
Worker process is ready to serve import requests
Launched and connected shader compiler UnityShaderCompiler.exe after 0.13 seconds
Refreshing native plugins compatible for Editor in 0.34 ms, found 2 plugins.
Preloading 0 native plugins for Editor in 0.00 ms.
Unloading 1417 Unused Serialized files (Serialized files now loaded: 0)
System memory in use before: 66.5 MB.
System memory in use after: 66.6 MB.

Unloading 18 unused Assets to reduce memory usage. Loaded Objects now: 1867.
Total: 2.954200 ms (FindLiveObjects: 0.137100 ms CreateObjectMapping: 0.042700 ms MarkObjects: 2.645100 ms  DeleteObjects: 0.128000 ms)

AssetImportParameters requested are different than current active one (requested -> active):
  custom:framework-win-MediaFoundation: 216162199b28c13a410421893ffa2e32 -> 
  custom:video-decoder-ogg-theora: a1e56fd34408186e4bbccfd4996cb3dc -> 
  custom:container-muxer-webm: aa71ff27fc2769a1b78a27578f13a17b -> 
  custom:container-demuxer-webm: 4f35f7cbe854078d1ac9338744f61a02 -> 
  custom:container-demuxer-ogg: 62fdf1f143b41e24485cea50d1cbac27 -> 
  custom:video-encoder-webm-vp8: eb34c28f22e8b96e1ab97ce403110664 -> 
  custom:video-decoder-webm-vp8: 9c59270c3fd7afecdb556c50c9e8de78 -> 
  custom:audio-decoder-ogg-vorbis: bf7c407c2cedff20999df2af8eb42d56 -> 
  custom:audio-encoder-webm-vorbis: bf7c407c2cedff20999df2af8eb42d56 -> 
========================================================================
Received Import Request.
  path: Assets/3D Models/Player Eye
  artifactKey: Guid(c34226d109a207942ab45e16dbc3eba4) Importer(815301076,1909f56bfc062723c751e8b465ee728b)
Start importing Assets/3D Models/Player Eye using Guid(c34226d109a207942ab45e16dbc3eba4) Importer(815301076,1909f56bfc062723c751e8b465ee728b)  -> (artifact id: '82a4d11ad93d9b4eea487b81c02008fa') in 0.009262 seconds 
========================================================================
Received Import Request.
  Time since last request: 7.690222 seconds.
  path: Assets/3D Models/Models/Preliminary Work
  artifactKey: Guid(3f793a86fbe060b4684f0f09eace71c5) Importer(815301076,1909f56bfc062723c751e8b465ee728b)
Start importing Assets/3D Models/Models/Preliminary Work using Guid(3f793a86fbe060b4684f0f09eace71c5) Importer(815301076,1909f56bfc062723c751e8b465ee728b)  -> (artifact id: '7a9c78d5392e72005e2880ddfd15d428') in 0.009917 seconds 
========================================================================
Received Import Request.
  Time since last request: 0.053058 seconds.
  path: Assets/3D Models/Models/Preliminary Work/Preliminary Work.fbx
  artifactKey: Guid(8418d6162d28f1a4bac441333e159afc) Importer(815301076,1909f56bfc062723c751e8b465ee728b)
Start importing Assets/3D Models/Models/Preliminary Work/Preliminary Work.fbx using Guid(8418d6162d28f1a4bac441333e159afc) Importer(815301076,1909f56bfc062723c751e8b465ee728b)  -> (artifact id: 'ac1ca850ff32c8a46eaa9eb9d46522d8') in 10.555673 seconds 
========================================================================
Received Import Request.
  Time since last request: 48.171470 seconds.
  path: Assets/3D Models/Models/Preliminary Work/Preliminary Work - Fully Manual.fbx
  artifactKey: Guid(8418d6162d28f1a4bac441333e159afc) Importer(815301076,1909f56bfc062723c751e8b465ee728b)
Start importing Assets/3D Models/Models/Preliminary Work/Preliminary Work - Fully Manual.fbx using Guid(8418d6162d28f1a4bac441333e159afc) Importer(815301076,1909f56bfc062723c751e8b465ee728b)  -> (artifact id: '653e7111a32e9a2a625b694215c7ad98') in 0.061045 seconds 
AssetImportWorkerClient::OnTransportError - code=2 error=End of file
